<?xml version="1.0" encoding="UTF-8"?>
<!-- Generated by org.testng.reporters.JUnitReportReporter -->
<testsuite skipped="0" hostname="DESKTOP-T59LTLF" name="com.trip.testcases.ReviewTest" tests="1" failures="0" timestamp="22 Feb 2020 09:34:32 GMT" time="72.674" errors="0">
  <testcase name="verifyReview" time="72.674" classname="com.trip.testcases.ReviewTest"/>
</testsuite> <!-- com.trip.testcases.ReviewTest -->
